This is pdfTeX, Version 3.141592653-2.6-1.40.25 (MiKTeX 24.1) (preloaded format=pdflatex 2024.5.26)  2 JUN 2024 17:03
entering extended mode
 restricted \write18 enabled.
 file:line:error style messages enabled.
 %&-line parsing enabled.
**"c:/Users/obiwa/Desktop/Studia/Sem6/OSP/GIT/OSP_Labview_Biometric_py/New-Approach/Face ID JKI SM plus Python/Documentation/docs.tex"
(c:/Users/obiwa/Desktop/Studia/Sem6/OSP/GIT/OSP_Labview_Biometric_py/New-Approach/Face ID JKI SM plus Python/Documentation/docs.tex
LaTeX2e <2023-11-01> patch level 1
L3 programming layer <2024-01-04>
(C:\Users\obiwa\AppData\Local\Programs\MiKTeX\tex/latex/base\report.cls
Document Class: report 2023/05/17 v1.4n Standard LaTeX document class
(C:\Users\obiwa\AppData\Local\Programs\MiKTeX\tex/latex/base\size10.clo
File: size10.clo 2023/05/17 v1.4n Standard LaTeX file (size option)
)
\c@part=\count187
\c@chapter=\count188
\c@section=\count189
\c@subsection=\count190
\c@subsubsection=\count191
\c@paragraph=\count192
\c@subparagraph=\count193
\c@figure=\count194
\c@table=\count195
\abovecaptionskip=\skip48
\belowcaptionskip=\skip49
\bibindent=\dimen140
) (C:\Users\obiwa\AppData\Local\Programs\MiKTeX\tex/latex/tocloft\tocloft.sty
Package: tocloft 2017/08/31 v2.3i parameterised ToC, etc., typesetting
Package tocloft Info: The document has chapter divisions on input line 51.
\cftparskip=\skip50
\cftbeforetoctitleskip=\skip51
\cftaftertoctitleskip=\skip52
\cftbeforepartskip=\skip53
\cftpartnumwidth=\skip54
\cftpartindent=\skip55
\cftbeforechapskip=\skip56
\cftchapindent=\skip57
\cftchapnumwidth=\skip58
\cftbeforesecskip=\skip59
\cftsecindent=\skip60
\cftsecnumwidth=\skip61
\cftbeforesubsecskip=\skip62
\cftsubsecindent=\skip63
\cftsubsecnumwidth=\skip64
\cftbeforesubsubsecskip=\skip65
\cftsubsubsecindent=\skip66
\cftsubsubsecnumwidth=\skip67
\cftbeforeparaskip=\skip68
\cftparaindent=\skip69
\cftparanumwidth=\skip70
\cftbeforesubparaskip=\skip71
\cftsubparaindent=\skip72
\cftsubparanumwidth=\skip73
\cftbeforeloftitleskip=\skip74
\cftafterloftitleskip=\skip75
\cftbeforefigskip=\skip76
\cftfigindent=\skip77
\cftfignumwidth=\skip78
\c@lofdepth=\count196
\c@lotdepth=\count197
\cftbeforelottitleskip=\skip79
\cftafterlottitleskip=\skip80
\cftbeforetabskip=\skip81
\cfttabindent=\skip82
\cfttabnumwidth=\skip83
) (C:\Users\obiwa\AppData\Local\Programs\MiKTeX\tex/latex/geometry\geometry.sty
Package: geometry 2020/01/02 v5.9 Page Geometry
 (C:\Users\obiwa\AppData\Local\Programs\MiKTeX\tex/latex/graphics\keyval.sty
Package: keyval 2022/05/29 v1.15 key=value parser (DPC)
\KV@toks@=\toks17
) (C:\Users\obiwa\AppData\Local\Programs\MiKTeX\tex/generic/iftex\ifvtex.sty
Package: ifvtex 2019/10/25 v1.7 ifvtex legacy package. Use iftex instead.
 (C:\Users\obiwa\AppData\Local\Programs\MiKTeX\tex/generic/iftex\iftex.sty
Package: iftex 2022/02/03 v1.0f TeX engine tests
))
\Gm@cnth=\count198
\Gm@cntv=\count199
\c@Gm@tempcnt=\count266
\Gm@bindingoffset=\dimen141
\Gm@wd@mp=\dimen142
\Gm@odd@mp=\dimen143
\Gm@even@mp=\dimen144
\Gm@layoutwidth=\dimen145
\Gm@layoutheight=\dimen146
\Gm@layouthoffset=\dimen147
\Gm@layoutvoffset=\dimen148
\Gm@dimlist=\toks18
 (C:\Users\obiwa\AppData\Local\Programs\MiKTeX\tex/latex/geometry\geometry.cfg)) (C:\Users\obiwa\AppData\Local\Programs\MiKTeX\tex/latex/graphics\graphicx.sty
Package: graphicx 2021/09/16 v1.2d Enhanced LaTeX Graphics (DPC,SPQR)
 (C:\Users\obiwa\AppData\Local\Programs\MiKTeX\tex/latex/graphics\graphics.sty
Package: graphics 2022/03/10 v1.4e Standard LaTeX Graphics (DPC,SPQR)
 (C:\Users\obiwa\AppData\Local\Programs\MiKTeX\tex/latex/graphics\trig.sty
Package: trig 2021/08/11 v1.11 sin cos tan (DPC)
) (C:\Users\obiwa\AppData\Local\Programs\MiKTeX\tex/latex/graphics-cfg\graphics.cfg
File: graphics.cfg 2016/06/04 v1.11 sample graphics configuration
)
Package graphics Info: Driver file: pdftex.def on input line 107.
 (C:\Users\obiwa\AppData\Local\Programs\MiKTeX\tex/latex/graphics-def\pdftex.def
File: pdftex.def 2022/09/22 v1.2b Graphics/color driver for pdftex
))
\Gin@req@height=\dimen149
\Gin@req@width=\dimen150
) (C:\Users\obiwa\AppData\Local\Programs\MiKTeX\tex/latex/caption\caption.sty
Package: caption 2023/08/05 v3.6o Customizing captions (AR)
 (C:\Users\obiwa\AppData\Local\Programs\MiKTeX\tex/latex/caption\caption3.sty
Package: caption3 2023/07/31 v2.4d caption3 kernel (AR)
\caption@tempdima=\dimen151
\captionmargin=\dimen152
\caption@leftmargin=\dimen153
\caption@rightmargin=\dimen154
\caption@width=\dimen155
\caption@indent=\dimen156
\caption@parindent=\dimen157
\caption@hangindent=\dimen158
Package caption Info: Standard document class detected.
)
\c@caption@flags=\count267
\c@continuedfloat=\count268
) (C:\Users\obiwa\AppData\Local\Programs\MiKTeX\tex/latex/base\fontenc.sty
Package: fontenc 2021/04/29 v2.0v Standard LaTeX package
) (C:\Users\obiwa\AppData\Local\Programs\MiKTeX\tex/latex/base\inputenc.sty
Package: inputenc 2021/02/14 v1.3d Input encoding file
\inpenc@prehook=\toks19
\inpenc@posthook=\toks20
) (C:\Users\obiwa\AppData\Local\Programs\MiKTeX\tex/generic/babel\babel.sty
Package: babel 2024/01/07 v24.1 The Babel package
\babel@savecnt=\count269
\U@D=\dimen159
\l@unhyphenated=\language79
 (C:\Users\obiwa\AppData\Local\Programs\MiKTeX\tex/generic/babel\txtbabel.def)
\bbl@readstream=\read2
\bbl@dirlevel=\count270

*************************************
* Local config file bblopts.cfg used
*
(C:\Users\obiwa\AppData\Local\Programs\MiKTeX\tex/latex/arabi\bblopts.cfg
File: bblopts.cfg 2005/09/08 v0.1 add Arabic and Farsi to "declared" options of babel
) (C:\Users\obiwa\AppData\Local\Programs\MiKTeX\tex/latex/babel-polish\polish.ldf
Language: polish 2022/03/12 1.3 Babel support for Polish
Package babel Info: Making " an active character on input line 101.
)) (C:\Users\obiwa\AppData\Local\Programs\MiKTeX\tex/generic/babel/locale/pl\babel-polish.tex
Package babel Info: Importing font and identification data for polish
(babel)             from babel-pl.ini. Reported on input line 11.
) (C:\Users\obiwa\AppData\Local\Programs\MiKTeX\tex/latex/float\float.sty
Package: float 2001/11/08 v1.3d Float enhancements (AL)
\c@float@type=\count271
\float@exts=\toks21
\float@box=\box51
\@float@everytoks=\toks22
\@floatcapt=\box52
) (C:\Users\obiwa\AppData\Local\Programs\MiKTeX\tex/latex/listings\listings.sty
\lst@mode=\count272
\lst@gtempboxa=\box53
\lst@token=\toks23
\lst@length=\count273
\lst@currlwidth=\dimen160
\lst@column=\count274
\lst@pos=\count275
\lst@lostspace=\dimen161
\lst@width=\dimen162
\lst@newlines=\count276
\lst@lineno=\count277
\lst@maxwidth=\dimen163
 (C:\Users\obiwa\AppData\Local\Programs\MiKTeX\tex/latex/listings\lstmisc.sty
File: lstmisc.sty 2023/02/27 1.9 (Carsten Heinz)
\c@lstnumber=\count278
\lst@skipnumbers=\count279
\lst@framebox=\box54
) (C:\Users\obiwa\AppData\Local\Programs\MiKTeX\tex/latex/listings\listings.cfg
File: listings.cfg 2023/02/27 1.9 listings configuration
))
Package: listings 2023/02/27 1.9 (Carsten Heinz)
 (C:\Users\obiwa\AppData\Local\Programs\MiKTeX\tex/latex/xcolor\xcolor.sty
Package: xcolor 2023/11/15 v3.01 LaTeX color extensions (UK)
 (C:\Users\obiwa\AppData\Local\Programs\MiKTeX\tex/latex/graphics-cfg\color.cfg
File: color.cfg 2016/01/02 v1.6 sample color configuration
)
Package xcolor Info: Driver file: pdftex.def on input line 274.
 (C:\Users\obiwa\AppData\Local\Programs\MiKTeX\tex/latex/graphics\mathcolor.ltx)
Package xcolor Info: Model `cmy' substituted by `cmy0' on input line 1350.
Package xcolor Info: Model `hsb' substituted by `rgb' on input line 1354.
Package xcolor Info: Model `RGB' extended on input line 1366.
Package xcolor Info: Model `HTML' substituted by `rgb' on input line 1368.
Package xcolor Info: Model `Hsb' substituted by `hsb' on input line 1369.
Package xcolor Info: Model `tHsb' substituted by `hsb' on input line 1370.
Package xcolor Info: Model `HSB' substituted by `hsb' on input line 1371.
Package xcolor Info: Model `Gray' substituted by `gray' on input line 1372.
Package xcolor Info: Model `wave' substituted by `hsb' on input line 1373.
) (C:\Users\obiwa\AppData\Local\Programs\MiKTeX\tex/latex/listings\lstlang1.sty
File: lstlang1.sty 2023/02/27 1.9 listings language file
) (C:\Users\obiwa\AppData\Local\Programs\MiKTeX\tex/latex/l3backend\l3backend-pdftex.def
File: l3backend-pdftex.def 2024-01-04 L3 backend support: PDF output (pdfTeX)
\l__color_backend_stack_int=\count280
\l__pdf_internal_box=\box55
) (docs.aux

LaTeX Warning: Label `fig:first-att' multiply defined.


LaTeX Warning: Label `fig:first-att' multiply defined.


LaTeX Warning: Label `fig:first-att' multiply defined.


LaTeX Warning: Label `fig:first-att' multiply defined.


LaTeX Warning: Label `fig:first-att' multiply defined.


LaTeX Warning: Label `fig:first-att' multiply defined.


LaTeX Warning: Label `fig:first-att' multiply defined.


LaTeX Warning: Label `fig:first-att' multiply defined.


LaTeX Warning: Label `fig:first-att' multiply defined.


LaTeX Warning: Label `fig:first-att' multiply defined.


LaTeX Warning: Label `fig:first-att' multiply defined.


LaTeX Warning: Label `fig:first-att' multiply defined.


LaTeX Warning: Label `fig:first-att' multiply defined.


LaTeX Warning: Label `fig:first-att' multiply defined.


LaTeX Warning: Label `fig:first-att' multiply defined.


LaTeX Warning: Label `fig:first-att' multiply defined.


LaTeX Warning: Label `fig:first-att' multiply defined.


LaTeX Warning: Label `fig:first-att' multiply defined.


LaTeX Warning: Label `fig:first-att' multiply defined.


LaTeX Warning: Label `fig:tab-control-page' multiply defined.


LaTeX Warning: Label `fig:tab-control-page' multiply defined.


LaTeX Warning: Label `fig:first-att' multiply defined.


LaTeX Warning: Label `fig:first-att' multiply defined.

)
\openout1 = `docs.aux'.

LaTeX Font Info:    Checking defaults for OML/cmm/m/it on input line 51.
LaTeX Font Info:    ... okay on input line 51.
LaTeX Font Info:    Checking defaults for OMS/cmsy/m/n on input line 51.
LaTeX Font Info:    ... okay on input line 51.
LaTeX Font Info:    Checking defaults for OT1/cmr/m/n on input line 51.
LaTeX Font Info:    ... okay on input line 51.
LaTeX Font Info:    Checking defaults for T1/cmr/m/n on input line 51.
LaTeX Font Info:    ... okay on input line 51.
LaTeX Font Info:    Checking defaults for TS1/cmr/m/n on input line 51.
LaTeX Font Info:    ... okay on input line 51.
LaTeX Font Info:    Checking defaults for OMX/cmex/m/n on input line 51.
LaTeX Font Info:    ... okay on input line 51.
LaTeX Font Info:    Checking defaults for U/cmr/m/n on input line 51.
LaTeX Font Info:    ... okay on input line 51.

*geometry* driver: auto-detecting
*geometry* detected driver: pdftex
*geometry* verbose mode - [ preamble ] result:
* driver: pdftex
* paper: a4paper
* layout: <same size as paper>
* layoutoffset:(h,v)=(0.0pt,0.0pt)
* modes: 
* h-part:(L,W,R)=(71.13188pt, 455.24411pt, 71.13188pt)
* v-part:(T,H,B)=(71.13188pt, 702.78308pt, 71.13188pt)
* \paperwidth=597.50787pt
* \paperheight=845.04684pt
* \textwidth=455.24411pt
* \textheight=702.78308pt
* \oddsidemargin=-1.1381pt
* \evensidemargin=-1.1381pt
* \topmargin=-38.1381pt
* \headheight=12.0pt
* \headsep=25.0pt
* \topskip=10.0pt
* \footskip=30.0pt
* \marginparwidth=65.0pt
* \marginparsep=11.0pt
* \columnsep=10.0pt
* \skip\footins=9.0pt plus 4.0pt minus 2.0pt
* \hoffset=0.0pt
* \voffset=0.0pt
* \mag=1000
* \@twocolumnfalse
* \@twosidefalse
* \@mparswitchfalse
* \@reversemarginfalse
* (1in=72.27pt=25.4mm, 1cm=28.453pt)

(C:\Users\obiwa\AppData\Local\Programs\MiKTeX\tex/context/base/mkii\supp-pdf.mkii
[Loading MPS to PDF converter (version 2006.09.02).]
\scratchcounter=\count281
\scratchdimen=\dimen164
\scratchbox=\box56
\nofMPsegments=\count282
\nofMParguments=\count283
\everyMPshowfont=\toks24
\MPscratchCnt=\count284
\MPscratchDim=\dimen165
\MPnumerator=\count285
\makeMPintoPDFobject=\count286
\everyMPtoPDFconversion=\toks25
) (C:\Users\obiwa\AppData\Local\Programs\MiKTeX\tex/latex/epstopdf-pkg\epstopdf-base.sty
Package: epstopdf-base 2020-01-24 v2.11 Base part for package epstopdf
Package epstopdf-base Info: Redefining graphics rule for `.eps' on input line 485.
 (C:\Users\obiwa\AppData\Local\Programs\MiKTeX\tex/latex/00miktex\epstopdf-sys.cfg
File: epstopdf-sys.cfg 2021/03/18 v2.0 Configuration of epstopdf for MiKTeX
))
Package caption Info: Begin \AtBeginDocument code.
Package caption Info: float package is loaded.
Package caption Info: listings package is loaded.
Package caption Info: End \AtBeginDocument code.
\c@lstlisting=\count287
<logo.png, id=1, 730.73pt x 317.185pt>
File: logo.png Graphic file (type png)
<use logo.png>
Package pdftex.def Info: logo.png  used on input line 59.
(pdftex.def)             Requested size: 227.62206pt x 98.80063pt.
 [1

{C:/Users/obiwa/AppData/Local/MiKTeX/fonts/map/pdftex/pdftex.map} <./logo.png>] (docs.toc
LaTeX Font Info:    External font `cmex10' loaded for size
(Font)              <7> on input line 2.
LaTeX Font Info:    External font `cmex10' loaded for size
(Font)              <5> on input line 2.
 [1])
\tf@toc=\write3
\openout3 = `docs.toc'.

 [2] [3] [4]
<src/jki-main.png, id=31, 1757.06438pt x 1047.915pt>
File: src/jki-main.png Graphic file (type png)
<use src/jki-main.png>
Package pdftex.def Info: src/jki-main.png  used on input line 178.
(pdftex.def)             Requested size: 455.24411pt x 271.50807pt.
<src/macro-init.png, id=32, 1739.7497pt x 1050.17343pt>
File: src/macro-init.png Graphic file (type png)
<use src/macro-init.png>
Package pdftex.def Info: src/macro-init.png  used on input line 196.
(pdftex.def)             Requested size: 455.24411pt x 274.80133pt.
 [5 <./src/jki-main.png>]
<src/data-init.png, id=38, 1740.5025pt x 1057.70157pt>
File: src/data-init.png Graphic file (type png)
<use src/data-init.png>
Package pdftex.def Info: src/data-init.png  used on input line 207.
(pdftex.def)             Requested size: 455.24411pt x 276.64212pt.
 [6 <./src/macro-init.png> <./src/data-init.png>]
<src/UI-init.png, id=45, 1738.24406pt x 1053.9375pt>
File: src/UI-init.png Graphic file (type png)
<use src/UI-init.png>
Package pdftex.def Info: src/UI-init.png  used on input line 224.
(pdftex.def)             Requested size: 455.24411pt x 276.02751pt.
 [7 <./src/UI-init.png>]
<src/face-id/face-id-init.png, id=50, 1963.335pt x 1175.14032pt>
File: src/face-id/face-id-init.png Graphic file (type png)
<use src/face-id/face-id-init.png>
Package pdftex.def Info: src/face-id/face-id-init.png  used on input line 245.
(pdftex.def)             Requested size: 455.24411pt x 272.48212pt.
<src/face-id/face-id-init-T.png, id=51, 1960.32375pt x 1180.41pt>
File: src/face-id/face-id-init-T.png Graphic file (type png)
<use src/face-id/face-id-init-T.png>
Package pdftex.def Info: src/face-id/face-id-init-T.png  used on input line 259.
(pdftex.def)             Requested size: 455.24411pt x 274.11829pt.
 [8 <./src/face-id/face-id-init.png>]
<src/face-id/face-id-grab.png, id=56, 1952.79562pt x 1175.89313pt>
File: src/face-id/face-id-grab.png Graphic file (type png)
<use src/face-id/face-id-grab.png>
Package pdftex.def Info: src/face-id/face-id-grab.png  used on input line 290.
(pdftex.def)             Requested size: 455.24411pt x 274.12798pt.
 [9 <./src/face-id/face-id-init-T.png>]
<src/face-id/face-id-case.png, id=61, 2085.29062pt x 765.6103pt>
File: src/face-id/face-id-case.png Graphic file (type png)
<use src/face-id/face-id-case.png>
Package pdftex.def Info: src/face-id/face-id-case.png  used on input line 306.
(pdftex.def)             Requested size: 455.24411pt x 167.13805pt.
 [10 <./src/face-id/face-id-grab.png>]
<src/face-id/face-id-case-2.png, id=66, 2113.8975pt x 820.56563pt>
File: src/face-id/face-id-case-2.png Graphic file (type png)
<use src/face-id/face-id-case-2.png>
Package pdftex.def Info: src/face-id/face-id-case-2.png  used on input line 313.
(pdftex.def)             Requested size: 455.24411pt x 176.70615pt.
 [11 <./src/face-id/face-id-case.png> <./src/face-id/face-id-case-2.png>]
<src/face-id/face-id-stop-grab.png, id=72, 1957.3125pt x 1181.91562pt>
File: src/face-id/face-id-stop-grab.png Graphic file (type png)
<use src/face-id/face-id-stop-grab.png>
Package pdftex.def Info: src/face-id/face-id-stop-grab.png  used on input line 337.
(pdftex.def)             Requested size: 455.24411pt x 274.90074pt.
LaTeX Font Info:    Trying to load font information for T1+cmtt on input line 348.
 (C:\Users\obiwa\AppData\Local\Programs\MiKTeX\tex/latex/base\t1cmtt.fd
File: t1cmtt.fd 2023/04/13 v2.5m Standard LaTeX font definitions
)
<src/face-id/face-id-image-process.png, id=73, 1948.27875pt x 1175.89313pt>
File: src/face-id/face-id-image-process.png Graphic file (type png)
<use src/face-id/face-id-image-process.png>
Package pdftex.def Info: src/face-id/face-id-image-process.png  used on input line 355.
(pdftex.def)             Requested size: 455.24411pt x 274.75597pt.
 [12 <./src/face-id/face-id-stop-grab.png>]
<src/face-id/face-id-image-process-2.png, id=80, 1959.57094pt x 1172.12906pt>
File: src/face-id/face-id-image-process-2.png Graphic file (type png)
<use src/face-id/face-id-image-process-2.png>
Package pdftex.def Info: src/face-id/face-id-image-process-2.png  used on input line 362.
(pdftex.def)             Requested size: 455.24411pt x 272.30257pt.
 [13 <./src/face-id/face-id-image-process.png> <./src/face-id/face-id-image-process-2.png>]
<src/add-user/add-user-init.png, id=86, 1968.60469pt x 1166.10657pt>
File: src/add-user/add-user-init.png Graphic file (type png)
<use src/add-user/add-user-init.png>
Package pdftex.def Info: src/add-user/add-user-init.png  used on input line 400.
(pdftex.def)             Requested size: 455.24411pt x 269.65791pt.
 [14 <./src/add-user/add-user-init.png>]
<src/Database/Microsoft SQL.png, id=93, 428.35031pt x 199.49532pt>
File: src/Database/Microsoft SQL.png Graphic file (type png)
<use src/Database/Microsoft SQL.png>
Package pdftex.def Info: src/Database/Microsoft SQL.png  used on input line 457.
(pdftex.def)             Requested size: 273.14923pt x 127.21385pt.
<src/Database/Stage1.png, id=94, 408.77719pt x 433.62pt>
File: src/Database/Stage1.png Graphic file (type png)
<use src/Database/Stage1.png>
Package pdftex.def Info: src/Database/Stage1.png  used on input line 467.
(pdftex.def)             Requested size: 273.14923pt x 289.76299pt.
 [15 <./src/Database/Microsoft SQL.png>]
<src/Database/Stage2.png, id=100, 264.23718pt x 343.2825pt>
File: src/Database/Stage2.png Graphic file (type png)
<use src/Database/Stage2.png>
Package pdftex.def Info: src/Database/Stage2.png  used on input line 474.
(pdftex.def)             Requested size: 273.14923pt x 354.88394pt.
 [16 <./src/Database/Stage1.png>]
<src/Database/Stage3.png, id=105, 272.51813pt x 347.04657pt>
File: src/Database/Stage3.png Graphic file (type png)
<use src/Database/Stage3.png>
Package pdftex.def Info: src/Database/Stage3.png  used on input line 481.
(pdftex.def)             Requested size: 273.14923pt x 347.87181pt.
 [17 <./src/Database/Stage2.png>]
<src/Database/Stage4.png, id=110, 246.9225pt x 97.11281pt>
File: src/Database/Stage4.png Graphic file (type png)
<use src/Database/Stage4.png>
Package pdftex.def Info: src/Database/Stage4.png  used on input line 488.
(pdftex.def)             Requested size: 273.14923pt x 107.43344pt.
<src/Database/Stage5.png, id=111, 250.68657pt x 167.87718pt>
File: src/Database/Stage5.png Graphic file (type png)
<use src/Database/Stage5.png>
Package pdftex.def Info: src/Database/Stage5.png  used on input line 495.
(pdftex.def)             Requested size: 273.14923pt x 182.93895pt.
 [18 <./src/Database/Stage3.png> <./src/Database/Stage4.png>]
<src/Database/Stage6.png, id=118, 259.7203pt x 210.03468pt>
File: src/Database/Stage6.png Graphic file (type png)
<use src/Database/Stage6.png>
Package pdftex.def Info: src/Database/Stage6.png  used on input line 502.
(pdftex.def)             Requested size: 273.14923pt x 220.89224pt.
<src/Database/Stage7.png, id=119, 651.18282pt x 196.48407pt>
File: src/Database/Stage7.png Graphic file (type png)
<use src/Database/Stage7.png>
Package pdftex.def Info: src/Database/Stage7.png  used on input line 509.
(pdftex.def)             Requested size: 273.14923pt x 82.4208pt.
 [19 <./src/Database/Stage5.png> <./src/Database/Stage6.png> <./src/Database/Stage7.png>]
<src/Logged.png, id=126, 1076.52188pt x 851.43094pt>
File: src/Logged.png Graphic file (type png)
<use src/Logged.png>
Package pdftex.def Info: src/Logged.png  used on input line 524.
(pdftex.def)             Requested size: 318.66948pt x 252.04039pt.
<src/Database/Database_read.png, id=127, 1681.78313pt x 872.50969pt>
File: src/Database/Database_read.png Graphic file (type png)
<use src/Database/Database_read.png>
Package pdftex.def Info: src/Database/Database_read.png  used on input line 535.
(pdftex.def)             Requested size: 409.71692pt x 212.56187pt.
 [20 <./src/Logged.png> <./src/Database/Database_read.png>]
<src/Database/Database_read_subvi_frontpanel.png, id=133, 1388.93906pt x 649.67719pt>
File: src/Database/Database_read_subvi_frontpanel.png Graphic file (type png)
<use src/Database/Database_read_subvi_frontpanel.png>
Package pdftex.def Info: src/Database/Database_read_subvi_frontpanel.png  used on input line 547.
(pdftex.def)             Requested size: 455.24411pt x 212.93687pt.
<src/Database/Database_read_subvi.png, id=134, 2033.34656pt x 871.00406pt>
File: src/Database/Database_read_subvi.png Graphic file (type png)
<use src/Database/Database_read_subvi.png>
Package pdftex.def Info: src/Database/Database_read_subvi.png  used on input line 562.
(pdftex.def)             Requested size: 455.24411pt x 195.01054pt.
 [21 <./src/Database/Database_read_subvi_frontpanel.png> <./src/Database/Database_read_subvi.png>]
<src/Database/Database_write.png, id=140, 1925.69438pt x 981.6675pt>
File: src/Database/Database_write.png Graphic file (type png)
<use src/Database/Database_write.png>
Package pdftex.def Info: src/Database/Database_write.png  used on input line 576.
(pdftex.def)             Requested size: 409.71692pt x 208.85248pt.
<src/Database/Database_write_subvi_frontpanel.png, id=141, 1265.47781pt x 712.91344pt>
File: src/Database/Database_write_subvi_frontpanel.png Graphic file (type png)
<use src/Database/Database_write_subvi_frontpanel.png>
Package pdftex.def Info: src/Database/Database_write_subvi_frontpanel.png  used on input line 583.
(pdftex.def)             Requested size: 409.71692pt x 230.81299pt.
<src/Database/Database_write_subvi.png, id=142, 2132.71782pt x 967.36406pt>
File: src/Database/Database_write_subvi.png Graphic file (type png)
<use src/Database/Database_write_subvi.png>
Package pdftex.def Info: src/Database/Database_write_subvi.png  used on input line 595.
(pdftex.def)             Requested size: 409.71692pt x 185.83806pt.
 [22 <./src/Database/Database_write.png> <./src/Database/Database_write_subvi_frontpanel.png>]
<src/Database/Database_update.png, id=148, 1394.96156pt x 882.29625pt>
File: src/Database/Database_update.png Graphic file (type png)
<use src/Database/Database_update.png>
Package pdftex.def Info: src/Database/Database_update.png  used on input line 608.
(pdftex.def)             Requested size: 409.71692pt x 259.14427pt.
<src/Database/Database_update_subvi_frontpanel.png, id=149, 1373.88281pt x 657.95813pt>
File: src/Database/Database_update_subvi_frontpanel.png Graphic file (type png)
<use src/Database/Database_update_subvi_frontpanel.png>
Package pdftex.def Info: src/Database/Database_update_subvi_frontpanel.png  used on input line 619.
(pdftex.def)             Requested size: 409.71692pt x 196.21432pt.
 [23 <./src/Database/Database_write_subvi.png> <./src/Database/Database_update.png>]
<src/Database/Database_update_subvi.png, id=155, 2123.68407pt x 969.6225pt>
File: src/Database/Database_update_subvi.png Graphic file (type png)
<use src/Database/Database_update_subvi.png>
Package pdftex.def Info: src/Database/Database_update_subvi.png  used on input line 633.
(pdftex.def)             Requested size: 455.24411pt x 207.84337pt.
 [24 <./src/Database/Database_update_subvi_frontpanel.png> <./src/Database/Database_update_subvi.png>]
File: src/Database/Microsoft SQL.png Graphic file (type png)
<use src/Database/Microsoft SQL.png>
Package pdftex.def Info: src/Database/Microsoft SQL.png  used on input line 649.
(pdftex.def)             Requested size: 273.14923pt x 127.21385pt.
<src/first-att.png, id=162, 2098.08844pt x 679.03688pt>
File: src/first-att.png Graphic file (type png)
<use src/first-att.png>
Package pdftex.def Info: src/first-att.png  used on input line 670.
(pdftex.def)             Requested size: 455.24411pt x 147.33704pt.
 [25 <./src/first-att.png>]
<src/tab-control.png, id=167, 743.77875pt x 377.91188pt>
File: src/tab-control.png Graphic file (type png)
<use src/tab-control.png>
Package pdftex.def Info: src/tab-control.png  used on input line 683.
(pdftex.def)             Requested size: 227.62206pt x 115.65219pt.
<src/tab-control-page.png, id=168, 1245.15187pt x 517.935pt>
File: src/tab-control-page.png Graphic file (type png)
<use src/tab-control-page.png>
Package pdftex.def Info: src/tab-control-page.png  used on input line 690.
(pdftex.def)             Requested size: 227.62206pt x 94.67842pt.
<src/Database/Fragment_DatabaseRead.png, id=169, 647.41875pt x 179.92218pt>
File: src/Database/Fragment_DatabaseRead.png Graphic file (type png)
<use src/Database/Fragment_DatabaseRead.png>
Package pdftex.def Info: src/Database/Fragment_DatabaseRead.png  used on input line 728.
(pdftex.def)             Requested size: 273.14923pt x 75.90997pt.
 [26 <./src/tab-control.png> <./src/tab-control-page.png>]
<src/Database/Write_spam.png, id=175, 445.665pt x 386.19281pt>
File: src/Database/Write_spam.png Graphic file (type png)
<use src/Database/Write_spam.png>
Package pdftex.def Info: src/Database/Write_spam.png  used on input line 743.
(pdftex.def)             Requested size: 182.09486pt x 157.79204pt.
File: src/Database/Database_write_subvi.png Graphic file (type png)
<use src/Database/Database_write_subvi.png>
Package pdftex.def Info: src/Database/Database_write_subvi.png  used on input line 750.
(pdftex.def)             Requested size: 409.71692pt x 185.83806pt.
 [27 <./src/Database/Fragment_DatabaseRead.png> <./src/Database/Write_spam.png>]
<src/Database/Update_iteration.png, id=181, 995.21812pt x 389.20406pt>
File: src/Database/Update_iteration.png Graphic file (type png)
<use src/Database/Update_iteration.png>
Package pdftex.def Info: src/Database/Update_iteration.png  used on input line 765.
(pdftex.def)             Requested size: 455.24411pt x 178.03833pt.
 [28 <./src/Database/Update_iteration.png>] (docs.aux)
 ***********
LaTeX2e <2023-11-01> patch level 1
L3 programming layer <2024-01-04>
 ***********


LaTeX Warning: There were multiply-defined labels.

 ) 
Here is how much of TeX's memory you used:
 7157 strings out of 474486
 124265 string characters out of 5743755
 1936542 words of memory out of 5000000
 29395 multiletter control sequences out of 15000+600000
 567803 words of font info for 50 fonts, out of 8000000 for 9000
 1141 hyphenation exceptions out of 8191
 57i,6n,65p,1208b,355s stack positions out of 10000i,1000n,20000p,200000b,200000s
 <C:\Users\obiwa\AppData\Local\MiKTeX\fonts/pk/ljfour/jknappen/ec/dpi600\ecti1000.pk> <C:\Users\obiwa\AppData\Local\MiKTeX\fonts/pk/ljfour/jknappen/ec/dpi600\ectt1000.pk> <C:\Users\obiwa\AppData\Local\MiKTeX\fonts/pk/ljfour/jknappen/ec/dpi600\tcrm1000.pk> <C:\Users\obiwa\AppData\Local\MiKTeX\fonts/pk/ljfour/jknappen/ec/dpi600\ecbx1000.pk> <C:\Users\obiwa\AppData\Local\MiKTeX\fonts/pk/ljfour/jknappen/ec/dpi600\ecbx1200.pk> <C:\Users\obiwa\AppData\Local\MiKTeX\fonts/pk/ljfour/jknappen/ec/dpi600\ecbx1440.pk> <C:\Users\obiwa\AppData\Local\MiKTeX\fonts/pk/ljfour/jknappen/ec/dpi600\ecrm1200.pk> <C:\Users\obiwa\AppData\Local\MiKTeX\fonts/pk/ljfour/jknappen/ec/dpi600\ecrm1000.pk> <C:\Users\obiwa\AppData\Local\MiKTeX\fonts/pk/ljfour/jknappen/ec/dpi600\ecrm1440.pk> <C:\Users\obiwa\AppData\Local\MiKTeX\fonts/pk/ljfour/jknappen/ec/dpi600\ecrm1728.pk> <C:\Users\obiwa\AppData\Local\MiKTeX\fonts/pk/ljfour/jknappen/ec/dpi600\ecbx1728.pk> <C:\Users\obiwa\AppData\Local\MiKTeX\fonts/pk/ljfour/jknappen/ec/dpi600\ecti1728.pk> <C:\Users\obiwa\AppData\Local\MiKTeX\fonts/pk/ljfour/jknappen/ec/dpi600\ecbx2488.pk> <C:\Users\obiwa\AppData\Local\MiKTeX\fonts/pk/ljfour/jknappen/ec/dpi600\ecrm2488.pk>
Output written on docs.pdf (29 pages, 1994595 bytes).
PDF statistics:
 751 PDF objects out of 1000 (max. 8388607)
 0 named destinations out of 1000 (max. 500000)
 197 words of extra memory for PDF output out of 10000 (max. 10000000)

